Grammar

    0 $accept: start $end

    1 start: expr NEWLINE

    2 expr: expr '+' expr
    3     | expr '-' expr
    4     | expr '*' expr
    5     | expr '/' expr
    6     | expr '%' expr
    7     | '(' expr ')'
    8     | DIGIT


Terminals, with rules where they appear

$end (0) 0
'%' (37) 6
'(' (40) 7
')' (41) 7
'*' (42) 4
'+' (43) 2
'-' (45) 3
'/' (47) 5
error (256)
DIGIT (258) 8
NEWLINE (259) 1


Nonterminals, with rules where they appear

$accept (12)
    on left: 0
start (13)
    on left: 1, on right: 0
expr (14)
    on left: 2 3 4 5 6 7 8, on right: 1 2 3 4 5 6 7


state 0

    0 $accept: . start $end

    DIGIT  shift, and go to state 1
    '('    shift, and go to state 2

    start  go to state 3
    expr   go to state 4


state 1

    8 expr: DIGIT .

    $default  reduce using rule 8 (expr)


state 2

    7 expr: '(' . expr ')'

    DIGIT  shift, and go to state 1
    '('    shift, and go to state 2

    expr  go to state 5


state 3

    0 $accept: start . $end

    $end  shift, and go to state 6


state 4

    1 start: expr . NEWLINE
    2 expr: expr . '+' expr
    3     | expr . '-' expr
    4     | expr . '*' expr
    5     | expr . '/' expr
    6     | expr . '%' expr

    NEWLINE  shift, and go to state 7
    '+'      shift, and go to state 8
    '-'      shift, and go to state 9
    '*'      shift, and go to state 10
    '/'      shift, and go to state 11
    '%'      shift, and go to state 12


state 5

    2 expr: expr . '+' expr
    3     | expr . '-' expr
    4     | expr . '*' expr
    5     | expr . '/' expr
    6     | expr . '%' expr
    7     | '(' expr . ')'

    '+'  shift, and go to state 8
    '-'  shift, and go to state 9
    '*'  shift, and go to state 10
    '/'  shift, and go to state 11
    '%'  shift, and go to state 12
    ')'  shift, and go to state 13


state 6

    0 $accept: start $end .

    $default  accept


state 7

    1 start: expr NEWLINE .

    $default  reduce using rule 1 (start)


state 8

    2 expr: expr '+' . expr

    DIGIT  shift, and go to state 1
    '('    shift, and go to state 2

    expr  go to state 14


state 9

    3 expr: expr '-' . expr

    DIGIT  shift, and go to state 1
    '('    shift, and go to state 2

    expr  go to state 15


state 10

    4 expr: expr '*' . expr

    DIGIT  shift, and go to state 1
    '('    shift, and go to state 2

    expr  go to state 16


state 11

    5 expr: expr '/' . expr

    DIGIT  shift, and go to state 1
    '('    shift, and go to state 2

    expr  go to state 17


state 12

    6 expr: expr '%' . expr

    DIGIT  shift, and go to state 1
    '('    shift, and go to state 2

    expr  go to state 18


state 13

    7 expr: '(' expr ')' .

    $default  reduce using rule 7 (expr)


state 14

    2 expr: expr . '+' expr
    2     | expr '+' expr .
    3     | expr . '-' expr
    4     | expr . '*' expr
    5     | expr . '/' expr
    6     | expr . '%' expr

    $default  reduce using rule 2 (expr)


state 15

    2 expr: expr . '+' expr
    3     | expr . '-' expr
    3     | expr '-' expr .
    4     | expr . '*' expr
    5     | expr . '/' expr
    6     | expr . '%' expr

    $default  reduce using rule 3 (expr)


state 16

    2 expr: expr . '+' expr
    3     | expr . '-' expr
    4     | expr . '*' expr
    4     | expr '*' expr .
    5     | expr . '/' expr
    6     | expr . '%' expr

    $default  reduce using rule 4 (expr)


state 17

    2 expr: expr . '+' expr
    3     | expr . '-' expr
    4     | expr . '*' expr
    5     | expr . '/' expr
    5     | expr '/' expr .
    6     | expr . '%' expr

    $default  reduce using rule 5 (expr)


state 18

    2 expr: expr . '+' expr
    3     | expr . '-' expr
    4     | expr . '*' expr
    5     | expr . '/' expr
    6     | expr . '%' expr
    6     | expr '%' expr .

    $default  reduce using rule 6 (expr)
