Grammar

    0 $accept: start $end

    1 start: expr NEWLINE

    2 expr: expr '+' expr
    3     | expr '-' expr
    4     | '(' expr ')'
    5     | DIGIT


Terminals, with rules where they appear

$end (0) 0
'(' (40) 4
')' (41) 4
'+' (43) 2
'-' (45) 3
error (256)
DIGIT (258) 5
NEWLINE (259) 1


Nonterminals, with rules where they appear

$accept (9)
    on left: 0
start (10)
    on left: 1, on right: 0
expr (11)
    on left: 2 3 4 5, on right: 1 2 3 4


state 0

    0 $accept: . start $end

    DIGIT  shift, and go to state 1
    '('    shift, and go to state 2

    start  go to state 3
    expr   go to state 4


state 1

    5 expr: DIGIT .

    $default  reduce using rule 5 (expr)


state 2

    4 expr: '(' . expr ')'

    DIGIT  shift, and go to state 1
    '('    shift, and go to state 2

    expr  go to state 5


state 3

    0 $accept: start . $end

    $end  shift, and go to state 6


state 4

    1 start: expr . NEWLINE
    2 expr: expr . '+' expr
    3     | expr . '-' expr

    NEWLINE  shift, and go to state 7
    '+'      shift, and go to state 8
    '-'      shift, and go to state 9


state 5

    2 expr: expr . '+' expr
    3     | expr . '-' expr
    4     | '(' expr . ')'

    '+'  shift, and go to state 8
    '-'  shift, and go to state 9
    ')'  shift, and go to state 10


state 6

    0 $accept: start $end .

    $default  accept


state 7

    1 start: expr NEWLINE .

    $default  reduce using rule 1 (start)


state 8

    2 expr: expr '+' . expr

    DIGIT  shift, and go to state 1
    '('    shift, and go to state 2

    expr  go to state 11


state 9

    3 expr: expr '-' . expr

    DIGIT  shift, and go to state 1
    '('    shift, and go to state 2

    expr  go to state 12


state 10

    4 expr: '(' expr ')' .

    $default  reduce using rule 4 (expr)


state 11

    2 expr: expr . '+' expr
    2     | expr '+' expr .
    3     | expr . '-' expr

    $default  reduce using rule 2 (expr)


state 12

    2 expr: expr . '+' expr
    3     | expr . '-' expr
    3     | expr '-' expr .

    $default  reduce using rule 3 (expr)
